<?xml version="1.0" encoding="UTF-8"?>
<!-- Generated by org.testng.reporters.JUnitReportReporter -->
<testsuite hostname="n-spb-macstdt" failures="0" tests="1" name="Tests" time="0.007" errors="0" timestamp="2023-06-08T21:22:05 MSK" skipped="0">
  <testcase classname="Tests" name="equalse" time="0.007"/>
  <system-out/>
</testsuite> <!-- Tests -->
